Case #1: 4 3 2 1
Case #2: 1 2
Case #3: 7 6 5 4 3 2 1
Case #4: IMPOSSIBLE
Case #5: IMPOSSIBLE
Case #6: 2 1
Case #7: 1 2
Case #8: IMPOSSIBLE
Case #9: 2 4 6 5 3 1
Case #10: 2 4 5 3 1
Case #11: IMPOSSIBLE
Case #12: IMPOSSIBLE
Case #13: IMPOSSIBLE
Case #14: 1 2 3 4
Case #15: 2 1 3 4
Case #16: 4 3 2 1
Case #17: 4 2 3 1
Case #18: 2 3 4 1
Case #19: 2 4 3 1
Case #20: IMPOSSIBLE
Case #21: 2 4 6 8 100 99 98 97 96 95 94 93 92 91 90 89 88 87 86 85 84 83 82 81 80 79 78 77 76 75 74 73 72 71 70 69 68 67 66 65 64 63 62 61 60 59 58 57 10 11 12 13 14 15 16 17 18 19 20 21 22 23 24 25 26 27 28 29 30 31 32 33 34 35 36 37 38 39 40 41 42 43 44 45 46 47 48 49 50 51 52 53 54 55 56 9 7 5 3 1
